<?xml version="1.0" encoding="UTF-8"?>
<!-- Generated by org.testng.reporters.JUnitReportReporter -->
<testsuite hostname="PT-PTL-022" failures="0" tests="1" name="com.TestNg.Demo.Test1" time="0.008" errors="0" timestamp="2021-11-09T07:37:17 IST" skipped="0">
  <testcase classname="com.TestNg.Demo.Test1" name="Test" time="0.008"/>
  <system-out/>
</testsuite> <!-- com.TestNg.Demo.Test1 -->
